{
  "stats": {
    "suites": 1,
    "tests": 1,
    "passes": 1,
    "pending": 0,
    "failures": 0,
    "start": "2022-06-06T19:17:09.789Z",
    "end": "2022-06-06T19:17:31.055Z",
    "duration": 21266,
    "testsRegistered": 1,
    "passPercent": 100,
    "pendingPercent": 0,
    "other": 0,
    "hasOther": false,
    "skipped": 0,
    "hasSkipped": false
  },
  "results": [
    {
      "uuid": "f83815ae-3efe-4193-9476-afd7ae88a056",
      "title": "",
      "fullFile": "cypress/integration/snappet.spec.ts",
      "file": "cypress/integration/snappet.spec.ts",
      "beforeHooks": [],
      "afterHooks": [],
      "tests": [],
      "suites": [
        {
          "uuid": "f7b4e1a3-e2c3-4e97-a5db-9799a65e01de",
          "title": "Testcase for Snappet",
          "fullFile": "",
          "file": "",
          "beforeHooks": [],
          "afterHooks": [],
          "tests": [
            {
              "title": "should add a subject",
              "fullTitle": "Testcase for Snappet should add a subject",
              "timedOut": null,
              "duration": 21231,
              "state": "passed",
              "speed": "slow",
              "pass": true,
              "fail": false,
              "pending": false,
              "context": null,
              "code": "cy.log('done');\ndashboard.addSubject('Burgerschap', 4, 'Cypress subject name');",
              "err": {},
              "uuid": "dd589fd5-0133-4c30-876b-68419cfd0a41",
              "parentUUID": "f7b4e1a3-e2c3-4e97-a5db-9799a65e01de",
              "isHook": false,
              "skipped": false
            }
          ],
          "suites": [],
          "passes": [
            "dd589fd5-0133-4c30-876b-68419cfd0a41"
          ],
          "failures": [],
          "pending": [],
          "skipped": [],
          "duration": 21231,
          "root": false,
          "rootEmpty": false,
          "_timeout": 2000
        }
      ],
      "passes": [],
      "failures": [],
      "pending": [],
      "skipped": [],
      "duration": 0,
      "root": true,
      "rootEmpty": true,
      "_timeout": 2000
    }
  ],
  "meta": {
    "mocha": {
      "version": "7.0.1"
    },
    "mochawesome": {
      "options": {
        "quiet": false,
        "reportFilename": "mochawesome",
        "saveHtml": false,
        "saveJson": true,
        "consoleReporter": "spec",
        "useInlineDiffs": false,
        "code": true
      },
      "version": "7.1.3"
    },
    "marge": {
      "options": {
        "html": false,
        "json": true,
        "reportDir": "../../test-reports/e2etest/mochawesome/reports",
        "overwrite": false
      },
      "version": "6.2.0"
    }
  }
}